[58871.779839] e1000 0000:00:03.0 enp0s3: Reset adapter
[58873.922802] e1000 0000:00:03.0 enp0s3: Detected Tx Unit Hang
[58873.922802]   Tx Queue             <0>
[58873.922802]   TDH                  <0>
[58873.922802]   TDT                  <c>
[58873.922802]   next_to_use          <c>
[58873.922802]   next_to_clean        <0>
[58873.922802] buffer_info[next_to_clean]
[58873.922802]   time_stamp           <100df7165>
[58873.922802]   next_to_watch        <1>
[58873.922802]   jiffies              <100df72a7>
[58873.922802]   next_to_watch.status <0>
[58875.971364] e1000 0000:00:03.0 enp0s3: Detected Tx Unit Hang
[58875.971364]   Tx Queue             <0>
[58875.971364]   TDH                  <0>
[58875.971364]   TDT                  <c>
[58875.971364]   next_to_use          <c>
[58875.971364]   next_to_clean        <0>
[58875.971364] buffer_info[next_to_clean]
[58875.971364]   time_stamp           <100df7165>
[58875.971364]   next_to_watch        <1>
[58875.971364]   jiffies              <100df74a8>
[58875.971364]   next_to_watch.status <0>
[58878.030297] e1000 0000:00:03.0 enp0s3: Detected Tx Unit Hang
[58878.030297]   Tx Queue             <0>
[58878.030297]   TDH                  <0>
[58878.030297]   TDT                  <c>
[58878.030297]   next_to_use          <c>
[58878.030297]   next_to_clean        <0>
[58878.030297] buffer_info[next_to_clean]
[58878.030297]   time_stamp           <100df7165>
[58878.030297]   next_to_watch        <1>
[58878.030297]   jiffies              <100df76aa>
[58878.030297]   next_to_watch.status <0>
[58879.396159] e1000 0000:00:03.0 enp0s3: Reset adapter
