2020-11-18 08:27:21 startup archives unpack
2020-11-18 08:27:22 install readline-common:all <none> 7.0-5
2020-11-18 08:27:22 status half-installed readline-common:all 7.0-5
2020-11-18 08:27:22 status unpacked readline-common:all 7.0-5
2020-11-18 08:27:22 install libsasl2-modules-db:amd64 <none> 2.1.27+dfsg-1+deb10u1
2020-11-18 08:27:22 status half-installed libsasl2-modules-db:amd64 2.1.27+dfsg-1+deb10u1
2020-11-18 08:27:22 status unpacked libsasl2-modules-db:amd64 2.1.27+dfsg-1+deb10u1
2020-11-18 08:27:22 install libsasl2-2:amd64 <none> 2.1.27+dfsg-1+deb10u1
2020-11-18 08:27:22 status triggers-pending libc-bin:amd64 2.28-10
2020-11-18 08:27:22 status half-installed libsasl2-2:amd64 2.1.27+dfsg-1+deb10u1
2020-11-18 08:27:22 status unpacked libsasl2-2:amd64 2.1.27+dfsg-1+deb10u1
2020-11-18 08:27:22 install libldap-common:all <none> 2.4.47+dfsg-3+deb10u4
2020-11-18 08:27:22 status half-installed libldap-common:all 2.4.47+dfsg-3+deb10u4
2020-11-18 08:27:22 status unpacked libldap-common:all 2.4.47+dfsg-3+deb10u4
2020-11-18 08:27:22 install libldap-2.4-2:amd64 <none> 2.4.47+dfsg-3+deb10u4
2020-11-18 08:27:22 status half-installed libldap-2.4-2:amd64 2.4.47+dfsg-3+deb10u4
2020-11-18 08:27:22 status unpacked libldap-2.4-2:amd64 2.4.47+dfsg-3+deb10u4
2020-11-18 08:27:22 install libpcre2-8-0:amd64 <none> 10.32-5
2020-11-18 08:27:22 status half-installed libpcre2-8-0:amd64 10.32-5
2020-11-18 08:27:22 status unpacked libpcre2-8-0:amd64 10.32-5
2020-11-18 08:27:22 install libpsl5:amd64 <none> 0.20.2-2
2020-11-18 08:27:22 status half-installed libpsl5:amd64 0.20.2-2
2020-11-18 08:27:22 status unpacked libpsl5:amd64 0.20.2-2
2020-11-18 08:27:22 install wget:amd64 <none> 1.20.1-1.1
2020-11-18 08:27:22 status half-installed wget:amd64 1.20.1-1.1
2020-11-18 08:27:22 status unpacked wget:amd64 1.20.1-1.1
2020-11-18 08:27:22 install libssl1.1:amd64 <none> 1.1.1d-0+deb10u3
2020-11-18 08:27:22 status half-installed libssl1.1:amd64 1.1.1d-0+deb10u3
2020-11-18 08:27:22 status unpacked libssl1.1:amd64 1.1.1d-0+deb10u3
2020-11-18 08:27:22 install openssl:amd64 <none> 1.1.1d-0+deb10u3
2020-11-18 08:27:22 status half-installed openssl:amd64 1.1.1d-0+deb10u3
2020-11-18 08:27:22 status unpacked openssl:amd64 1.1.1d-0+deb10u3
2020-11-18 08:27:22 install ca-certificates:all <none> 20200601~deb10u1
2020-11-18 08:27:22 status half-installed ca-certificates:all 20200601~deb10u1
2020-11-18 08:27:22 status unpacked ca-certificates:all 20200601~deb10u1
2020-11-18 08:27:22 install libassuan0:amd64 <none> 2.5.2-1
2020-11-18 08:27:22 status half-installed libassuan0:amd64 2.5.2-1
2020-11-18 08:27:22 status unpacked libassuan0:amd64 2.5.2-1
2020-11-18 08:27:22 install libreadline7:amd64 <none> 7.0-5
2020-11-18 08:27:22 status half-installed libreadline7:amd64 7.0-5
2020-11-18 08:27:22 status unpacked libreadline7:amd64 7.0-5
2020-11-18 08:27:22 install gpgconf:amd64 <none> 2.2.12-1+deb10u1
2020-11-18 08:27:22 status half-installed gpgconf:amd64 2.2.12-1+deb10u1
2020-11-18 08:27:22 status unpacked gpgconf:amd64 2.2.12-1+deb10u1
2020-11-18 08:27:22 install lsb-base:all <none> 10.2019051400
2020-11-18 08:27:22 status half-installed lsb-base:all 10.2019051400
2020-11-18 08:27:22 status unpacked lsb-base:all 10.2019051400
2020-11-18 08:27:22 install libksba8:amd64 <none> 1.3.5-2
2020-11-18 08:27:22 status half-installed libksba8:amd64 1.3.5-2
2020-11-18 08:27:22 status unpacked libksba8:amd64 1.3.5-2
2020-11-18 08:27:23 install libnpth0:amd64 <none> 1.6-1
2020-11-18 08:27:23 status half-installed libnpth0:amd64 1.6-1
2020-11-18 08:27:23 status unpacked libnpth0:amd64 1.6-1
2020-11-18 08:27:23 install dirmngr:amd64 <none> 2.2.12-1+deb10u1
2020-11-18 08:27:23 status half-installed dirmngr:amd64 2.2.12-1+deb10u1
2020-11-18 08:27:23 status unpacked dirmngr:amd64 2.2.12-1+deb10u1
2020-11-18 08:27:23 install gnupg-l10n:all <none> 2.2.12-1+deb10u1
2020-11-18 08:27:23 status half-installed gnupg-l10n:all 2.2.12-1+deb10u1
2020-11-18 08:27:23 status unpacked gnupg-l10n:all 2.2.12-1+deb10u1
2020-11-18 08:27:23 install gnupg-utils:amd64 <none> 2.2.12-1+deb10u1
2020-11-18 08:27:23 status half-installed gnupg-utils:amd64 2.2.12-1+deb10u1
2020-11-18 08:27:23 status unpacked gnupg-utils:amd64 2.2.12-1+deb10u1
2020-11-18 08:27:23 install libsqlite3-0:amd64 <none> 3.27.2-3
2020-11-18 08:27:23 status half-installed libsqlite3-0:amd64 3.27.2-3
2020-11-18 08:27:23 status unpacked libsqlite3-0:amd64 3.27.2-3
2020-11-18 08:27:23 install gpg:amd64 <none> 2.2.12-1+deb10u1
2020-11-18 08:27:23 status half-installed gpg:amd64 2.2.12-1+deb10u1
2020-11-18 08:27:23 status unpacked gpg:amd64 2.2.12-1+deb10u1
2020-11-18 08:27:23 install pinentry-curses:amd64 <none> 1.1.0-2
2020-11-18 08:27:23 status half-installed pinentry-curses:amd64 1.1.0-2
2020-11-18 08:27:23 status unpacked pinentry-curses:amd64 1.1.0-2
2020-11-18 08:27:23 install gpg-agent:amd64 <none> 2.2.12-1+deb10u1
2020-11-18 08:27:23 status half-installed gpg-agent:amd64 2.2.12-1+deb10u1
2020-11-18 08:27:23 status unpacked gpg-agent:amd64 2.2.12-1+deb10u1
2020-11-18 08:27:23 install gpg-wks-client:amd64 <none> 2.2.12-1+deb10u1
2020-11-18 08:27:23 status half-installed gpg-wks-client:amd64 2.2.12-1+deb10u1
2020-11-18 08:27:23 status unpacked gpg-wks-client:amd64 2.2.12-1+deb10u1
2020-11-18 08:27:23 install gpg-wks-server:amd64 <none> 2.2.12-1+deb10u1
2020-11-18 08:27:23 status half-installed gpg-wks-server:amd64 2.2.12-1+deb10u1
2020-11-18 08:27:23 status unpacked gpg-wks-server:amd64 2.2.12-1+deb10u1
2020-11-18 08:27:23 install gpgsm:amd64 <none> 2.2.12-1+deb10u1
2020-11-18 08:27:23 status half-installed gpgsm:amd64 2.2.12-1+deb10u1
2020-11-18 08:27:23 status unpacked gpgsm:amd64 2.2.12-1+deb10u1
2020-11-18 08:27:23 install gnupg:all <none> 2.2.12-1+deb10u1
2020-11-18 08:27:23 status half-installed gnupg:all 2.2.12-1+deb10u1
2020-11-18 08:27:23 status unpacked gnupg:all 2.2.12-1+deb10u1
2020-11-18 08:27:23 startup packages configure
2020-11-18 08:27:23 configure libksba8:amd64 1.3.5-2 <none>
2020-11-18 08:27:23 status unpacked libksba8:amd64 1.3.5-2
2020-11-18 08:27:23 status half-configured libksba8:amd64 1.3.5-2
2020-11-18 08:27:23 status installed libksba8:amd64 1.3.5-2
2020-11-18 08:27:23 configure lsb-base:all 10.2019051400 <none>
2020-11-18 08:27:23 status unpacked lsb-base:all 10.2019051400
2020-11-18 08:27:23 status half-configured lsb-base:all 10.2019051400
2020-11-18 08:27:23 status installed lsb-base:all 10.2019051400
2020-11-18 08:27:23 configure libpsl5:amd64 0.20.2-2 <none>
2020-11-18 08:27:23 status unpacked libpsl5:amd64 0.20.2-2
2020-11-18 08:27:23 status half-configured libpsl5:amd64 0.20.2-2
2020-11-18 08:27:23 status installed libpsl5:amd64 0.20.2-2
2020-11-18 08:27:23 configure libssl1.1:amd64 1.1.1d-0+deb10u3 <none>
2020-11-18 08:27:23 status unpacked libssl1.1:amd64 1.1.1d-0+deb10u3
2020-11-18 08:27:23 status half-configured libssl1.1:amd64 1.1.1d-0+deb10u3
2020-11-18 08:27:23 status installed libssl1.1:amd64 1.1.1d-0+deb10u3
2020-11-18 08:27:23 configure libsqlite3-0:amd64 3.27.2-3 <none>
2020-11-18 08:27:23 status unpacked libsqlite3-0:amd64 3.27.2-3
2020-11-18 08:27:23 status half-configured libsqlite3-0:amd64 3.27.2-3
2020-11-18 08:27:23 status installed libsqlite3-0:amd64 3.27.2-3
2020-11-18 08:27:23 configure libnpth0:amd64 1.6-1 <none>
2020-11-18 08:27:23 status unpacked libnpth0:amd64 1.6-1
2020-11-18 08:27:23 status half-configured libnpth0:amd64 1.6-1
2020-11-18 08:27:23 status installed libnpth0:amd64 1.6-1
2020-11-18 08:27:24 configure libassuan0:amd64 2.5.2-1 <none>
2020-11-18 08:27:24 status unpacked libassuan0:amd64 2.5.2-1
2020-11-18 08:27:24 status half-configured libassuan0:amd64 2.5.2-1
2020-11-18 08:27:24 status installed libassuan0:amd64 2.5.2-1
2020-11-18 08:27:24 configure libldap-common:all 2.4.47+dfsg-3+deb10u4 <none>
2020-11-18 08:27:24 status unpacked libldap-common:all 2.4.47+dfsg-3+deb10u4
2020-11-18 08:27:24 status half-configured libldap-common:all 2.4.47+dfsg-3+deb10u4
2020-11-18 08:27:24 status installed libldap-common:all 2.4.47+dfsg-3+deb10u4
2020-11-18 08:27:24 configure libsasl2-modules-db:amd64 2.1.27+dfsg-1+deb10u1 <none>
2020-11-18 08:27:24 status unpacked libsasl2-modules-db:amd64 2.1.27+dfsg-1+deb10u1
2020-11-18 08:27:24 status half-configured libsasl2-modules-db:amd64 2.1.27+dfsg-1+deb10u1
2020-11-18 08:27:24 status installed libsasl2-modules-db:amd64 2.1.27+dfsg-1+deb10u1
2020-11-18 08:27:24 configure gnupg-l10n:all 2.2.12-1+deb10u1 <none>
2020-11-18 08:27:24 status unpacked gnupg-l10n:all 2.2.12-1+deb10u1
2020-11-18 08:27:24 status half-configured gnupg-l10n:all 2.2.12-1+deb10u1
2020-11-18 08:27:24 status installed gnupg-l10n:all 2.2.12-1+deb10u1
2020-11-18 08:27:24 configure libpcre2-8-0:amd64 10.32-5 <none>
2020-11-18 08:27:24 status unpacked libpcre2-8-0:amd64 10.32-5
2020-11-18 08:27:24 status half-configured libpcre2-8-0:amd64 10.32-5
2020-11-18 08:27:24 status installed libpcre2-8-0:amd64 10.32-5
2020-11-18 08:27:24 configure libsasl2-2:amd64 2.1.27+dfsg-1+deb10u1 <none>
2020-11-18 08:27:24 status unpacked libsasl2-2:amd64 2.1.27+dfsg-1+deb10u1
2020-11-18 08:27:24 status half-configured libsasl2-2:amd64 2.1.27+dfsg-1+deb10u1
2020-11-18 08:27:24 status installed libsasl2-2:amd64 2.1.27+dfsg-1+deb10u1
2020-11-18 08:27:24 configure openssl:amd64 1.1.1d-0+deb10u3 <none>
2020-11-18 08:27:24 status unpacked openssl:amd64 1.1.1d-0+deb10u3
2020-11-18 08:27:24 status half-configured openssl:amd64 1.1.1d-0+deb10u3
2020-11-18 08:27:24 status installed openssl:amd64 1.1.1d-0+deb10u3
2020-11-18 08:27:24 configure readline-common:all 7.0-5 <none>
2020-11-18 08:27:24 status unpacked readline-common:all 7.0-5
2020-11-18 08:27:24 status half-configured readline-common:all 7.0-5
2020-11-18 08:27:24 status installed readline-common:all 7.0-5
2020-11-18 08:27:24 configure libreadline7:amd64 7.0-5 <none>
2020-11-18 08:27:24 status unpacked libreadline7:amd64 7.0-5
2020-11-18 08:27:24 status half-configured libreadline7:amd64 7.0-5
2020-11-18 08:27:24 status installed libreadline7:amd64 7.0-5
2020-11-18 08:27:24 configure gnupg-utils:amd64 2.2.12-1+deb10u1 <none>
2020-11-18 08:27:24 status unpacked gnupg-utils:amd64 2.2.12-1+deb10u1
2020-11-18 08:27:24 status half-configured gnupg-utils:amd64 2.2.12-1+deb10u1
2020-11-18 08:27:24 status installed gnupg-utils:amd64 2.2.12-1+deb10u1
2020-11-18 08:27:24 configure pinentry-curses:amd64 1.1.0-2 <none>
2020-11-18 08:27:24 status unpacked pinentry-curses:amd64 1.1.0-2
2020-11-18 08:27:24 status half-configured pinentry-curses:amd64 1.1.0-2
2020-11-18 08:27:24 status installed pinentry-curses:amd64 1.1.0-2
2020-11-18 08:27:24 configure wget:amd64 1.20.1-1.1 <none>
2020-11-18 08:27:24 status unpacked wget:amd64 1.20.1-1.1
2020-11-18 08:27:24 status half-configured wget:amd64 1.20.1-1.1
2020-11-18 08:27:24 status installed wget:amd64 1.20.1-1.1
2020-11-18 08:27:24 configure libldap-2.4-2:amd64 2.4.47+dfsg-3+deb10u4 <none>
2020-11-18 08:27:24 status unpacked libldap-2.4-2:amd64 2.4.47+dfsg-3+deb10u4
2020-11-18 08:27:24 status half-configured libldap-2.4-2:amd64 2.4.47+dfsg-3+deb10u4
2020-11-18 08:27:24 status installed libldap-2.4-2:amd64 2.4.47+dfsg-3+deb10u4
2020-11-18 08:27:24 configure ca-certificates:all 20200601~deb10u1 <none>
2020-11-18 08:27:24 status unpacked ca-certificates:all 20200601~deb10u1
2020-11-18 08:27:24 status half-configured ca-certificates:all 20200601~deb10u1
2020-11-18 08:27:25 status installed ca-certificates:all 20200601~deb10u1
2020-11-18 08:27:25 status triggers-pending ca-certificates:all 20200601~deb10u1
2020-11-18 08:27:25 configure gpgconf:amd64 2.2.12-1+deb10u1 <none>
2020-11-18 08:27:25 status unpacked gpgconf:amd64 2.2.12-1+deb10u1
2020-11-18 08:27:25 status half-configured gpgconf:amd64 2.2.12-1+deb10u1
2020-11-18 08:27:25 status installed gpgconf:amd64 2.2.12-1+deb10u1
2020-11-18 08:27:25 configure gpg:amd64 2.2.12-1+deb10u1 <none>
2020-11-18 08:27:25 status unpacked gpg:amd64 2.2.12-1+deb10u1
2020-11-18 08:27:25 status half-configured gpg:amd64 2.2.12-1+deb10u1
2020-11-18 08:27:25 status installed gpg:amd64 2.2.12-1+deb10u1
2020-11-18 08:27:25 configure gpg-agent:amd64 2.2.12-1+deb10u1 <none>
2020-11-18 08:27:25 status unpacked gpg-agent:amd64 2.2.12-1+deb10u1
2020-11-18 08:27:25 status half-configured gpg-agent:amd64 2.2.12-1+deb10u1
2020-11-18 08:27:25 status installed gpg-agent:amd64 2.2.12-1+deb10u1
2020-11-18 08:27:25 configure gpgsm:amd64 2.2.12-1+deb10u1 <none>
2020-11-18 08:27:25 status unpacked gpgsm:amd64 2.2.12-1+deb10u1
2020-11-18 08:27:25 status half-configured gpgsm:amd64 2.2.12-1+deb10u1
2020-11-18 08:27:25 status installed gpgsm:amd64 2.2.12-1+deb10u1
2020-11-18 08:27:25 configure dirmngr:amd64 2.2.12-1+deb10u1 <none>
2020-11-18 08:27:25 status unpacked dirmngr:amd64 2.2.12-1+deb10u1
2020-11-18 08:27:25 status half-configured dirmngr:amd64 2.2.12-1+deb10u1
2020-11-18 08:27:25 status installed dirmngr:amd64 2.2.12-1+deb10u1
2020-11-18 08:27:25 configure gpg-wks-server:amd64 2.2.12-1+deb10u1 <none>
2020-11-18 08:27:25 status unpacked gpg-wks-server:amd64 2.2.12-1+deb10u1
2020-11-18 08:27:25 status half-configured gpg-wks-server:amd64 2.2.12-1+deb10u1
2020-11-18 08:27:25 status installed gpg-wks-server:amd64 2.2.12-1+deb10u1
2020-11-18 08:27:25 configure gpg-wks-client:amd64 2.2.12-1+deb10u1 <none>
2020-11-18 08:27:25 status unpacked gpg-wks-client:amd64 2.2.12-1+deb10u1
2020-11-18 08:27:25 status half-configured gpg-wks-client:amd64 2.2.12-1+deb10u1
2020-11-18 08:27:25 status installed gpg-wks-client:amd64 2.2.12-1+deb10u1
2020-11-18 08:27:25 configure gnupg:all 2.2.12-1+deb10u1 <none>
2020-11-18 08:27:25 status unpacked gnupg:all 2.2.12-1+deb10u1
2020-11-18 08:27:25 status half-configured gnupg:all 2.2.12-1+deb10u1
2020-11-18 08:27:25 status installed gnupg:all 2.2.12-1+deb10u1
2020-11-18 08:27:25 trigproc libc-bin:amd64 2.28-10 <none>
2020-11-18 08:27:25 status half-configured libc-bin:amd64 2.28-10
2020-11-18 08:27:25 status installed libc-bin:amd64 2.28-10
2020-11-18 08:27:25 trigproc ca-certificates:all 20200601~deb10u1 <none>
2020-11-18 08:27:25 status half-configured ca-certificates:all 20200601~deb10u1
2020-11-18 08:27:26 status installed ca-certificates:all 20200601~deb10u1
2020-11-18 08:27:27 startup packages remove
2020-11-18 08:27:27 status installed ca-certificates:all 20200601~deb10u1
2020-11-18 08:27:27 remove ca-certificates:all 20200601~deb10u1 <none>
2020-11-18 08:27:27 status half-configured ca-certificates:all 20200601~deb10u1
2020-11-18 08:27:27 status half-installed ca-certificates:all 20200601~deb10u1
2020-11-18 08:27:27 status config-files ca-certificates:all 20200601~deb10u1
2020-11-18 08:27:27 status installed gnupg:all 2.2.12-1+deb10u1
2020-11-18 08:27:27 remove gnupg:all 2.2.12-1+deb10u1 <none>
2020-11-18 08:27:27 status half-configured gnupg:all 2.2.12-1+deb10u1
2020-11-18 08:27:27 status half-installed gnupg:all 2.2.12-1+deb10u1
2020-11-18 08:27:27 status config-files gnupg:all 2.2.12-1+deb10u1
2020-11-18 08:27:27 status not-installed gnupg:all <none>
2020-11-18 08:27:27 status installed gpg-wks-client:amd64 2.2.12-1+deb10u1
2020-11-18 08:27:27 remove gpg-wks-client:amd64 2.2.12-1+deb10u1 <none>
2020-11-18 08:27:27 status half-configured gpg-wks-client:amd64 2.2.12-1+deb10u1
2020-11-18 08:27:27 status half-installed gpg-wks-client:amd64 2.2.12-1+deb10u1
2020-11-18 08:27:27 status config-files gpg-wks-client:amd64 2.2.12-1+deb10u1
2020-11-18 08:27:27 status not-installed gpg-wks-client:amd64 <none>
2020-11-18 08:27:27 status installed dirmngr:amd64 2.2.12-1+deb10u1
2020-11-18 08:27:27 remove dirmngr:amd64 2.2.12-1+deb10u1 <none>
2020-11-18 08:27:27 status half-configured dirmngr:amd64 2.2.12-1+deb10u1
2020-11-18 08:27:27 status half-installed dirmngr:amd64 2.2.12-1+deb10u1
2020-11-18 08:27:27 status config-files dirmngr:amd64 2.2.12-1+deb10u1
2020-11-18 08:27:27 status installed gnupg-l10n:all 2.2.12-1+deb10u1
2020-11-18 08:27:27 remove gnupg-l10n:all 2.2.12-1+deb10u1 <none>
2020-11-18 08:27:27 status half-configured gnupg-l10n:all 2.2.12-1+deb10u1
2020-11-18 08:27:27 status half-installed gnupg-l10n:all 2.2.12-1+deb10u1
2020-11-18 08:27:27 status config-files gnupg-l10n:all 2.2.12-1+deb10u1
2020-11-18 08:27:27 status not-installed gnupg-l10n:all <none>
2020-11-18 08:27:27 status installed gnupg-utils:amd64 2.2.12-1+deb10u1
2020-11-18 08:27:27 remove gnupg-utils:amd64 2.2.12-1+deb10u1 <none>
2020-11-18 08:27:27 status half-configured gnupg-utils:amd64 2.2.12-1+deb10u1
2020-11-18 08:27:27 status half-installed gnupg-utils:amd64 2.2.12-1+deb10u1
2020-11-18 08:27:27 status config-files gnupg-utils:amd64 2.2.12-1+deb10u1
2020-11-18 08:27:27 status not-installed gnupg-utils:amd64 <none>
2020-11-18 08:27:27 status installed gpg-wks-server:amd64 2.2.12-1+deb10u1
2020-11-18 08:27:27 remove gpg-wks-server:amd64 2.2.12-1+deb10u1 <none>
2020-11-18 08:27:27 status half-configured gpg-wks-server:amd64 2.2.12-1+deb10u1
2020-11-18 08:27:27 status half-installed gpg-wks-server:amd64 2.2.12-1+deb10u1
2020-11-18 08:27:27 status config-files gpg-wks-server:amd64 2.2.12-1+deb10u1
2020-11-18 08:27:27 status not-installed gpg-wks-server:amd64 <none>
2020-11-18 08:27:27 status installed gpg:amd64 2.2.12-1+deb10u1
2020-11-18 08:27:27 remove gpg:amd64 2.2.12-1+deb10u1 <none>
2020-11-18 08:27:27 status half-configured gpg:amd64 2.2.12-1+deb10u1
2020-11-18 08:27:27 status half-installed gpg:amd64 2.2.12-1+deb10u1
2020-11-18 08:27:28 status config-files gpg:amd64 2.2.12-1+deb10u1
2020-11-18 08:27:28 status not-installed gpg:amd64 <none>
2020-11-18 08:27:28 status installed gpg-agent:amd64 2.2.12-1+deb10u1
2020-11-18 08:27:28 remove gpg-agent:amd64 2.2.12-1+deb10u1 <none>
2020-11-18 08:27:28 status half-configured gpg-agent:amd64 2.2.12-1+deb10u1
2020-11-18 08:27:28 status half-installed gpg-agent:amd64 2.2.12-1+deb10u1
2020-11-18 08:27:28 status config-files gpg-agent:amd64 2.2.12-1+deb10u1
2020-11-18 08:27:28 status installed gpgsm:amd64 2.2.12-1+deb10u1
2020-11-18 08:27:28 remove gpgsm:amd64 2.2.12-1+deb10u1 <none>
2020-11-18 08:27:28 status half-configured gpgsm:amd64 2.2.12-1+deb10u1
2020-11-18 08:27:28 status half-installed gpgsm:amd64 2.2.12-1+deb10u1
2020-11-18 08:27:28 status config-files gpgsm:amd64 2.2.12-1+deb10u1
2020-11-18 08:27:28 status not-installed gpgsm:amd64 <none>
2020-11-18 08:27:28 status installed gpgconf:amd64 2.2.12-1+deb10u1
2020-11-18 08:27:28 remove gpgconf:amd64 2.2.12-1+deb10u1 <none>
2020-11-18 08:27:28 status half-configured gpgconf:amd64 2.2.12-1+deb10u1
2020-11-18 08:27:28 status half-installed gpgconf:amd64 2.2.12-1+deb10u1
2020-11-18 08:27:28 status config-files gpgconf:amd64 2.2.12-1+deb10u1
2020-11-18 08:27:28 status not-installed gpgconf:amd64 <none>
2020-11-18 08:27:28 status installed pinentry-curses:amd64 1.1.0-2
2020-11-18 08:27:28 remove pinentry-curses:amd64 1.1.0-2 <none>
2020-11-18 08:27:28 status half-configured pinentry-curses:amd64 1.1.0-2
2020-11-18 08:27:28 status half-installed pinentry-curses:amd64 1.1.0-2
2020-11-18 08:27:28 status config-files pinentry-curses:amd64 1.1.0-2
2020-11-18 08:27:28 status not-installed pinentry-curses:amd64 <none>
2020-11-18 08:27:28 status installed libassuan0:amd64 2.5.2-1
2020-11-18 08:27:28 remove libassuan0:amd64 2.5.2-1 <none>
2020-11-18 08:27:28 status triggers-pending libc-bin:amd64 2.28-10
2020-11-18 08:27:28 status half-configured libassuan0:amd64 2.5.2-1
2020-11-18 08:27:28 status half-installed libassuan0:amd64 2.5.2-1
2020-11-18 08:27:28 status config-files libassuan0:amd64 2.5.2-1
2020-11-18 08:27:28 status not-installed libassuan0:amd64 <none>
2020-11-18 08:27:28 status installed libksba8:amd64 1.3.5-2
2020-11-18 08:27:28 remove libksba8:amd64 1.3.5-2 <none>
2020-11-18 08:27:28 status half-configured libksba8:amd64 1.3.5-2
2020-11-18 08:27:28 status half-installed libksba8:amd64 1.3.5-2
2020-11-18 08:27:28 status config-files libksba8:amd64 1.3.5-2
2020-11-18 08:27:28 status not-installed libksba8:amd64 <none>
2020-11-18 08:27:28 status installed libldap-2.4-2:amd64 2.4.47+dfsg-3+deb10u4
2020-11-18 08:27:28 remove libldap-2.4-2:amd64 2.4.47+dfsg-3+deb10u4 <none>
2020-11-18 08:27:28 status half-configured libldap-2.4-2:amd64 2.4.47+dfsg-3+deb10u4
2020-11-18 08:27:28 status half-installed libldap-2.4-2:amd64 2.4.47+dfsg-3+deb10u4
2020-11-18 08:27:28 status config-files libldap-2.4-2:amd64 2.4.47+dfsg-3+deb10u4
2020-11-18 08:27:28 status not-installed libldap-2.4-2:amd64 <none>
2020-11-18 08:27:28 status installed libldap-common:all 2.4.47+dfsg-3+deb10u4
2020-11-18 08:27:28 remove libldap-common:all 2.4.47+dfsg-3+deb10u4 <none>
2020-11-18 08:27:28 status half-configured libldap-common:all 2.4.47+dfsg-3+deb10u4
2020-11-18 08:27:28 status half-installed libldap-common:all 2.4.47+dfsg-3+deb10u4
2020-11-18 08:27:28 status config-files libldap-common:all 2.4.47+dfsg-3+deb10u4
2020-11-18 08:27:28 status installed libnpth0:amd64 1.6-1
2020-11-18 08:27:28 remove libnpth0:amd64 1.6-1 <none>
2020-11-18 08:27:28 status half-configured libnpth0:amd64 1.6-1
2020-11-18 08:27:28 status half-installed libnpth0:amd64 1.6-1
2020-11-18 08:27:28 status config-files libnpth0:amd64 1.6-1
2020-11-18 08:27:28 status not-installed libnpth0:amd64 <none>
2020-11-18 08:27:28 status installed wget:amd64 1.20.1-1.1
2020-11-18 08:27:28 remove wget:amd64 1.20.1-1.1 <none>
2020-11-18 08:27:28 status half-configured wget:amd64 1.20.1-1.1
2020-11-18 08:27:28 status half-installed wget:amd64 1.20.1-1.1
2020-11-18 08:27:28 status config-files wget:amd64 1.20.1-1.1
2020-11-18 08:27:28 status installed libpcre2-8-0:amd64 10.32-5
2020-11-18 08:27:28 remove libpcre2-8-0:amd64 10.32-5 <none>
2020-11-18 08:27:28 status half-configured libpcre2-8-0:amd64 10.32-5
2020-11-18 08:27:28 status half-installed libpcre2-8-0:amd64 10.32-5
2020-11-18 08:27:28 status config-files libpcre2-8-0:amd64 10.32-5
2020-11-18 08:27:28 status not-installed libpcre2-8-0:amd64 <none>
2020-11-18 08:27:28 status installed libpsl5:amd64 0.20.2-2
2020-11-18 08:27:28 remove libpsl5:amd64 0.20.2-2 <none>
2020-11-18 08:27:28 status half-configured libpsl5:amd64 0.20.2-2
2020-11-18 08:27:28 status half-installed libpsl5:amd64 0.20.2-2
2020-11-18 08:27:28 status config-files libpsl5:amd64 0.20.2-2
2020-11-18 08:27:28 status not-installed libpsl5:amd64 <none>
2020-11-18 08:27:28 status installed libreadline7:amd64 7.0-5
2020-11-18 08:27:28 remove libreadline7:amd64 7.0-5 <none>
2020-11-18 08:27:28 status half-configured libreadline7:amd64 7.0-5
2020-11-18 08:27:28 status half-installed libreadline7:amd64 7.0-5
2020-11-18 08:27:28 status config-files libreadline7:amd64 7.0-5
2020-11-18 08:27:28 status not-installed libreadline7:amd64 <none>
2020-11-18 08:27:28 status installed libsasl2-2:amd64 2.1.27+dfsg-1+deb10u1
2020-11-18 08:27:28 remove libsasl2-2:amd64 2.1.27+dfsg-1+deb10u1 <none>
2020-11-18 08:27:28 status half-configured libsasl2-2:amd64 2.1.27+dfsg-1+deb10u1
2020-11-18 08:27:28 status half-installed libsasl2-2:amd64 2.1.27+dfsg-1+deb10u1
2020-11-18 08:27:28 status config-files libsasl2-2:amd64 2.1.27+dfsg-1+deb10u1
2020-11-18 08:27:28 status not-installed libsasl2-2:amd64 <none>
2020-11-18 08:27:28 status installed libsasl2-modules-db:amd64 2.1.27+dfsg-1+deb10u1
2020-11-18 08:27:28 remove libsasl2-modules-db:amd64 2.1.27+dfsg-1+deb10u1 <none>
2020-11-18 08:27:28 status half-configured libsasl2-modules-db:amd64 2.1.27+dfsg-1+deb10u1
2020-11-18 08:27:28 status half-installed libsasl2-modules-db:amd64 2.1.27+dfsg-1+deb10u1
2020-11-18 08:27:28 status config-files libsasl2-modules-db:amd64 2.1.27+dfsg-1+deb10u1
2020-11-18 08:27:28 status not-installed libsasl2-modules-db:amd64 <none>
2020-11-18 08:27:28 status installed libsqlite3-0:amd64 3.27.2-3
2020-11-18 08:27:28 remove libsqlite3-0:amd64 3.27.2-3 <none>
2020-11-18 08:27:28 status half-configured libsqlite3-0:amd64 3.27.2-3
2020-11-18 08:27:28 status half-installed libsqlite3-0:amd64 3.27.2-3
2020-11-18 08:27:28 status config-files libsqlite3-0:amd64 3.27.2-3
2020-11-18 08:27:28 status not-installed libsqlite3-0:amd64 <none>
2020-11-18 08:27:28 status installed openssl:amd64 1.1.1d-0+deb10u3
2020-11-18 08:27:28 remove openssl:amd64 1.1.1d-0+deb10u3 <none>
2020-11-18 08:27:28 status half-configured openssl:amd64 1.1.1d-0+deb10u3
2020-11-18 08:27:28 status half-installed openssl:amd64 1.1.1d-0+deb10u3
2020-11-18 08:27:28 status config-files openssl:amd64 1.1.1d-0+deb10u3
2020-11-18 08:27:28 status installed libssl1.1:amd64 1.1.1d-0+deb10u3
2020-11-18 08:27:28 remove libssl1.1:amd64 1.1.1d-0+deb10u3 <none>
2020-11-18 08:27:28 status half-configured libssl1.1:amd64 1.1.1d-0+deb10u3
2020-11-18 08:27:28 status half-installed libssl1.1:amd64 1.1.1d-0+deb10u3
2020-11-18 08:27:28 status config-files libssl1.1:amd64 1.1.1d-0+deb10u3
2020-11-18 08:27:28 status installed readline-common:all 7.0-5
2020-11-18 08:27:28 remove readline-common:all 7.0-5 <none>
2020-11-18 08:27:28 status half-configured readline-common:all 7.0-5
2020-11-18 08:27:28 status half-installed readline-common:all 7.0-5
2020-11-18 08:27:28 status config-files readline-common:all 7.0-5
2020-11-18 08:27:28 startup packages configure
2020-11-18 08:27:28 trigproc libc-bin:amd64 2.28-10 <none>
2020-11-18 08:27:28 status half-configured libc-bin:amd64 2.28-10
2020-11-18 08:27:28 status installed libc-bin:amd64 2.28-10
2020-11-18 08:27:28 startup packages purge
2020-11-18 08:27:28 purge gpg-agent:amd64 2.2.12-1+deb10u1 <none>
2020-11-18 08:27:28 status config-files gpg-agent:amd64 2.2.12-1+deb10u1
2020-11-18 08:27:28 status not-installed gpg-agent:amd64 <none>
2020-11-18 08:27:28 purge wget:amd64 1.20.1-1.1 <none>
2020-11-18 08:27:28 status config-files wget:amd64 1.20.1-1.1
2020-11-18 08:27:28 status not-installed wget:amd64 <none>
2020-11-18 08:27:28 purge libssl1.1:amd64 1.1.1d-0+deb10u3 <none>
2020-11-18 08:27:28 status config-files libssl1.1:amd64 1.1.1d-0+deb10u3
2020-11-18 08:27:28 status not-installed libssl1.1:amd64 <none>
2020-11-18 08:27:28 purge libldap-common:all 2.4.47+dfsg-3+deb10u4 <none>
2020-11-18 08:27:28 status config-files libldap-common:all 2.4.47+dfsg-3+deb10u4
2020-11-18 08:27:28 status not-installed libldap-common:all <none>
2020-11-18 08:27:28 purge dirmngr:amd64 2.2.12-1+deb10u1 <none>
2020-11-18 08:27:28 status config-files dirmngr:amd64 2.2.12-1+deb10u1
2020-11-18 08:27:28 status not-installed dirmngr:amd64 <none>
2020-11-18 08:27:28 purge ca-certificates:all 20200601~deb10u1 <none>
2020-11-18 08:27:28 status config-files ca-certificates:all 20200601~deb10u1
2020-11-18 08:27:29 status not-installed ca-certificates:all <none>
2020-11-18 08:27:29 purge openssl:amd64 1.1.1d-0+deb10u3 <none>
2020-11-18 08:27:29 status config-files openssl:amd64 1.1.1d-0+deb10u3
2020-11-18 08:27:29 status not-installed openssl:amd64 <none>
2020-11-18 08:27:29 purge readline-common:all 7.0-5 <none>
2020-11-18 08:27:29 status config-files readline-common:all 7.0-5
2020-11-18 08:27:29 status not-installed readline-common:all <none>
2020-11-18 08:27:29 startup packages configure
2020-11-18 08:27:35 startup archives unpack
2020-11-18 08:27:35 install perl-modules-5.28:all <none> 5.28.1-6+deb10u1
2020-11-18 08:27:35 status half-installed perl-modules-5.28:all 5.28.1-6+deb10u1
2020-11-18 08:27:35 status unpacked perl-modules-5.28:all 5.28.1-6+deb10u1
2020-11-18 08:27:35 install libgdbm6:amd64 <none> 1.18.1-4
2020-11-18 08:27:35 status triggers-pending libc-bin:amd64 2.28-10
2020-11-18 08:27:35 status half-installed libgdbm6:amd64 1.18.1-4
2020-11-18 08:27:35 status unpacked libgdbm6:amd64 1.18.1-4
2020-11-18 08:27:35 install libgdbm-compat4:amd64 <none> 1.18.1-4
2020-11-18 08:27:35 status half-installed libgdbm-compat4:amd64 1.18.1-4
2020-11-18 08:27:35 status unpacked libgdbm-compat4:amd64 1.18.1-4
2020-11-18 08:27:35 install libperl5.28:amd64 <none> 5.28.1-6+deb10u1
2020-11-18 08:27:35 status half-installed libperl5.28:amd64 5.28.1-6+deb10u1
2020-11-18 08:27:36 status unpacked libperl5.28:amd64 5.28.1-6+deb10u1
2020-11-18 08:27:36 install perl:amd64 <none> 5.28.1-6+deb10u1
2020-11-18 08:27:36 status half-installed perl:amd64 5.28.1-6+deb10u1
2020-11-18 08:27:36 status unpacked perl:amd64 5.28.1-6+deb10u1
2020-11-18 08:27:36 install bzip2:amd64 <none> 1.0.6-9.2~deb10u1
2020-11-18 08:27:36 status half-installed bzip2:amd64 1.0.6-9.2~deb10u1
2020-11-18 08:27:36 status unpacked bzip2:amd64 1.0.6-9.2~deb10u1
2020-11-18 08:27:36 install libpcre2-8-0:amd64 <none> 10.32-5
2020-11-18 08:27:36 status half-installed libpcre2-8-0:amd64 10.32-5
2020-11-18 08:27:36 status unpacked libpcre2-8-0:amd64 10.32-5
2020-11-18 08:27:36 install libpsl5:amd64 <none> 0.20.2-2
2020-11-18 08:27:36 status half-installed libpsl5:amd64 0.20.2-2
2020-11-18 08:27:36 status unpacked libpsl5:amd64 0.20.2-2
2020-11-18 08:27:36 install wget:amd64 <none> 1.20.1-1.1
2020-11-18 08:27:36 status half-installed wget:amd64 1.20.1-1.1
2020-11-18 08:27:36 status unpacked wget:amd64 1.20.1-1.1
2020-11-18 08:27:36 install xz-utils:amd64 <none> 5.2.4-1
2020-11-18 08:27:36 status half-installed xz-utils:amd64 5.2.4-1
2020-11-18 08:27:36 status unpacked xz-utils:amd64 5.2.4-1
2020-11-18 08:27:36 install binutils-common:amd64 <none> 2.31.1-16
2020-11-18 08:27:36 status half-installed binutils-common:amd64 2.31.1-16
2020-11-18 08:27:36 status unpacked binutils-common:amd64 2.31.1-16
2020-11-18 08:27:36 install libbinutils:amd64 <none> 2.31.1-16
2020-11-18 08:27:36 status half-installed libbinutils:amd64 2.31.1-16
2020-11-18 08:27:37 status unpacked libbinutils:amd64 2.31.1-16
2020-11-18 08:27:37 install binutils-x86-64-linux-gnu:amd64 <none> 2.31.1-16
2020-11-18 08:27:37 status half-installed binutils-x86-64-linux-gnu:amd64 2.31.1-16
2020-11-18 08:27:37 status unpacked binutils-x86-64-linux-gnu:amd64 2.31.1-16
2020-11-18 08:27:37 install binutils:amd64 <none> 2.31.1-16
2020-11-18 08:27:37 status half-installed binutils:amd64 2.31.1-16
2020-11-18 08:27:37 status unpacked binutils:amd64 2.31.1-16
2020-11-18 08:27:37 install libssl1.1:amd64 <none> 1.1.1d-0+deb10u3
2020-11-18 08:27:37 status half-installed libssl1.1:amd64 1.1.1d-0+deb10u3
2020-11-18 08:27:37 status unpacked libssl1.1:amd64 1.1.1d-0+deb10u3
2020-11-18 08:27:37 install openssl:amd64 <none> 1.1.1d-0+deb10u3
2020-11-18 08:27:37 status half-installed openssl:amd64 1.1.1d-0+deb10u3
2020-11-18 08:27:37 status unpacked openssl:amd64 1.1.1d-0+deb10u3
2020-11-18 08:27:37 install ca-certificates:all <none> 20200601~deb10u1
2020-11-18 08:27:37 status half-installed ca-certificates:all 20200601~deb10u1
2020-11-18 08:27:37 status unpacked ca-certificates:all 20200601~deb10u1
2020-11-18 08:27:37 install libisl19:amd64 <none> 0.20-2
2020-11-18 08:27:37 status half-installed libisl19:amd64 0.20-2
2020-11-18 08:27:37 status unpacked libisl19:amd64 0.20-2
2020-11-18 08:27:37 install libmpfr6:amd64 <none> 4.0.2-1
2020-11-18 08:27:37 status half-installed libmpfr6:amd64 4.0.2-1
2020-11-18 08:27:37 status unpacked libmpfr6:amd64 4.0.2-1
2020-11-18 08:27:37 install libmpc3:amd64 <none> 1.1.0-1
2020-11-18 08:27:37 status half-installed libmpc3:amd64 1.1.0-1
2020-11-18 08:27:37 status unpacked libmpc3:amd64 1.1.0-1
2020-11-18 08:27:37 install cpp-8:amd64 <none> 8.3.0-6
2020-11-18 08:27:37 status half-installed cpp-8:amd64 8.3.0-6
2020-11-18 08:27:38 status unpacked cpp-8:amd64 8.3.0-6
2020-11-18 08:27:38 install cpp:amd64 <none> 4:8.3.0-1
2020-11-18 08:27:38 status half-installed cpp:amd64 4:8.3.0-1
2020-11-18 08:27:38 status unpacked cpp:amd64 4:8.3.0-1
2020-11-18 08:27:38 install libdpkg-perl:all <none> 1.19.7
2020-11-18 08:27:38 status half-installed libdpkg-perl:all 1.19.7
2020-11-18 08:27:38 status unpacked libdpkg-perl:all 1.19.7
2020-11-18 08:27:38 install patch:amd64 <none> 2.7.6-3+deb10u1
2020-11-18 08:27:38 status half-installed patch:amd64 2.7.6-3+deb10u1
2020-11-18 08:27:39 status unpacked patch:amd64 2.7.6-3+deb10u1
2020-11-18 08:27:39 install make:amd64 <none> 4.2.1-1.2
2020-11-18 08:27:39 status half-installed make:amd64 4.2.1-1.2
2020-11-18 08:27:39 status unpacked make:amd64 4.2.1-1.2
2020-11-18 08:27:39 install dpkg-dev:all <none> 1.19.7
2020-11-18 08:27:39 status half-installed dpkg-dev:all 1.19.7
2020-11-18 08:27:39 status unpacked dpkg-dev:all 1.19.7
2020-11-18 08:27:39 install libcc1-0:amd64 <none> 8.3.0-6
2020-11-18 08:27:39 status half-installed libcc1-0:amd64 8.3.0-6
2020-11-18 08:27:39 status unpacked libcc1-0:amd64 8.3.0-6
2020-11-18 08:27:39 install libgomp1:amd64 <none> 8.3.0-6
2020-11-18 08:27:39 status half-installed libgomp1:amd64 8.3.0-6
2020-11-18 08:27:39 status unpacked libgomp1:amd64 8.3.0-6
2020-11-18 08:27:39 install libitm1:amd64 <none> 8.3.0-6
2020-11-18 08:27:39 status half-installed libitm1:amd64 8.3.0-6
2020-11-18 08:27:39 status unpacked libitm1:amd64 8.3.0-6
2020-11-18 08:27:39 install libatomic1:amd64 <none> 8.3.0-6
2020-11-18 08:27:39 status half-installed libatomic1:amd64 8.3.0-6
2020-11-18 08:27:39 status unpacked libatomic1:amd64 8.3.0-6
2020-11-18 08:27:39 install libasan5:amd64 <none> 8.3.0-6
2020-11-18 08:27:39 status half-installed libasan5:amd64 8.3.0-6
2020-11-18 08:27:39 status unpacked libasan5:amd64 8.3.0-6
2020-11-18 08:27:39 install liblsan0:amd64 <none> 8.3.0-6
2020-11-18 08:27:39 status half-installed liblsan0:amd64 8.3.0-6
2020-11-18 08:27:39 status unpacked liblsan0:amd64 8.3.0-6
2020-11-18 08:27:39 install libtsan0:amd64 <none> 8.3.0-6
2020-11-18 08:27:39 status half-installed libtsan0:amd64 8.3.0-6
2020-11-18 08:27:39 status unpacked libtsan0:amd64 8.3.0-6
2020-11-18 08:27:39 install libubsan1:amd64 <none> 8.3.0-6
2020-11-18 08:27:39 status half-installed libubsan1:amd64 8.3.0-6
2020-11-18 08:27:39 status unpacked libubsan1:amd64 8.3.0-6
2020-11-18 08:27:39 install libmpx2:amd64 <none> 8.3.0-6
2020-11-18 08:27:39 status half-installed libmpx2:amd64 8.3.0-6
2020-11-18 08:27:39 status unpacked libmpx2:amd64 8.3.0-6
2020-11-18 08:27:39 install libquadmath0:amd64 <none> 8.3.0-6
2020-11-18 08:27:39 status half-installed libquadmath0:amd64 8.3.0-6
2020-11-18 08:27:39 status unpacked libquadmath0:amd64 8.3.0-6
2020-11-18 08:27:39 install libgcc-8-dev:amd64 <none> 8.3.0-6
2020-11-18 08:27:39 status half-installed libgcc-8-dev:amd64 8.3.0-6
2020-11-18 08:27:39 status unpacked libgcc-8-dev:amd64 8.3.0-6
2020-11-18 08:27:39 install gcc-8:amd64 <none> 8.3.0-6
2020-11-18 08:27:39 status half-installed gcc-8:amd64 8.3.0-6
2020-11-18 08:27:40 status unpacked gcc-8:amd64 8.3.0-6
2020-11-18 08:27:40 install gcc:amd64 <none> 4:8.3.0-1
2020-11-18 08:27:40 status half-installed gcc:amd64 4:8.3.0-1
2020-11-18 08:27:40 status unpacked gcc:amd64 4:8.3.0-1
2020-11-18 08:27:41 install libc-dev-bin:amd64 <none> 2.28-10
2020-11-18 08:27:41 status half-installed libc-dev-bin:amd64 2.28-10
2020-11-18 08:27:41 status unpacked libc-dev-bin:amd64 2.28-10
2020-11-18 08:27:41 install linux-libc-dev:amd64 <none> 4.19.152-1
2020-11-18 08:27:41 status half-installed linux-libc-dev:amd64 4.19.152-1
2020-11-18 08:27:41 status unpacked linux-libc-dev:amd64 4.19.152-1
2020-11-18 08:27:41 install libc6-dev:amd64 <none> 2.28-10
2020-11-18 08:27:41 status half-installed libc6-dev:amd64 2.28-10
2020-11-18 08:27:41 status unpacked libc6-dev:amd64 2.28-10
2020-11-18 08:27:41 install libssl-dev:amd64 <none> 1.1.1d-0+deb10u3
2020-11-18 08:27:41 status half-installed libssl-dev:amd64 1.1.1d-0+deb10u3
2020-11-18 08:27:41 status unpacked libssl-dev:amd64 1.1.1d-0+deb10u3
2020-11-18 08:27:41 startup packages configure
2020-11-18 08:27:41 configure perl-modules-5.28:all 5.28.1-6+deb10u1 <none>
2020-11-18 08:27:41 status unpacked perl-modules-5.28:all 5.28.1-6+deb10u1
2020-11-18 08:27:41 status half-configured perl-modules-5.28:all 5.28.1-6+deb10u1
2020-11-18 08:27:41 status installed perl-modules-5.28:all 5.28.1-6+deb10u1
2020-11-18 08:27:41 configure libpsl5:amd64 0.20.2-2 <none>
2020-11-18 08:27:41 status unpacked libpsl5:amd64 0.20.2-2
2020-11-18 08:27:41 status half-configured libpsl5:amd64 0.20.2-2
2020-11-18 08:27:41 status installed libpsl5:amd64 0.20.2-2
2020-11-18 08:27:41 configure libssl1.1:amd64 1.1.1d-0+deb10u3 <none>
2020-11-18 08:27:41 status unpacked libssl1.1:amd64 1.1.1d-0+deb10u3
2020-11-18 08:27:41 status half-configured libssl1.1:amd64 1.1.1d-0+deb10u3
2020-11-18 08:27:42 status installed libssl1.1:amd64 1.1.1d-0+deb10u3
2020-11-18 08:27:42 configure binutils-common:amd64 2.31.1-16 <none>
2020-11-18 08:27:42 status unpacked binutils-common:amd64 2.31.1-16
2020-11-18 08:27:42 status half-configured binutils-common:amd64 2.31.1-16
2020-11-18 08:27:42 status installed binutils-common:amd64 2.31.1-16
2020-11-18 08:27:42 configure linux-libc-dev:amd64 4.19.152-1 <none>
2020-11-18 08:27:42 status unpacked linux-libc-dev:amd64 4.19.152-1
2020-11-18 08:27:42 status half-configured linux-libc-dev:amd64 4.19.152-1
2020-11-18 08:27:42 status installed linux-libc-dev:amd64 4.19.152-1
2020-11-18 08:27:42 configure libgomp1:amd64 8.3.0-6 <none>
2020-11-18 08:27:42 status unpacked libgomp1:amd64 8.3.0-6
2020-11-18 08:27:42 status half-configured libgomp1:amd64 8.3.0-6
2020-11-18 08:27:42 status installed libgomp1:amd64 8.3.0-6
2020-11-18 08:27:42 configure bzip2:amd64 1.0.6-9.2~deb10u1 <none>
2020-11-18 08:27:42 status unpacked bzip2:amd64 1.0.6-9.2~deb10u1
2020-11-18 08:27:42 status half-configured bzip2:amd64 1.0.6-9.2~deb10u1
2020-11-18 08:27:42 status installed bzip2:amd64 1.0.6-9.2~deb10u1
2020-11-18 08:27:42 configure libasan5:amd64 8.3.0-6 <none>
2020-11-18 08:27:42 status unpacked libasan5:amd64 8.3.0-6
2020-11-18 08:27:42 status half-configured libasan5:amd64 8.3.0-6
2020-11-18 08:27:42 status installed libasan5:amd64 8.3.0-6
2020-11-18 08:27:42 configure make:amd64 4.2.1-1.2 <none>
2020-11-18 08:27:42 status unpacked make:amd64 4.2.1-1.2
2020-11-18 08:27:42 status half-configured make:amd64 4.2.1-1.2
2020-11-18 08:27:42 status installed make:amd64 4.2.1-1.2
2020-11-18 08:27:42 configure libmpfr6:amd64 4.0.2-1 <none>
2020-11-18 08:27:42 status unpacked libmpfr6:amd64 4.0.2-1
2020-11-18 08:27:42 status half-configured libmpfr6:amd64 4.0.2-1
2020-11-18 08:27:42 status installed libmpfr6:amd64 4.0.2-1
2020-11-18 08:27:42 configure xz-utils:amd64 5.2.4-1 <none>
2020-11-18 08:27:42 status unpacked xz-utils:amd64 5.2.4-1
2020-11-18 08:27:42 status half-configured xz-utils:amd64 5.2.4-1
2020-11-18 08:27:42 status installed xz-utils:amd64 5.2.4-1
2020-11-18 08:27:42 configure libquadmath0:amd64 8.3.0-6 <none>
2020-11-18 08:27:42 status unpacked libquadmath0:amd64 8.3.0-6
2020-11-18 08:27:42 status half-configured libquadmath0:amd64 8.3.0-6
2020-11-18 08:27:42 status installed libquadmath0:amd64 8.3.0-6
2020-11-18 08:27:42 configure libssl-dev:amd64 1.1.1d-0+deb10u3 <none>
2020-11-18 08:27:42 status unpacked libssl-dev:amd64 1.1.1d-0+deb10u3
2020-11-18 08:27:42 status half-configured libssl-dev:amd64 1.1.1d-0+deb10u3
2020-11-18 08:27:42 status installed libssl-dev:amd64 1.1.1d-0+deb10u3
2020-11-18 08:27:42 configure libmpc3:amd64 1.1.0-1 <none>
2020-11-18 08:27:42 status unpacked libmpc3:amd64 1.1.0-1
2020-11-18 08:27:42 status half-configured libmpc3:amd64 1.1.0-1
2020-11-18 08:27:42 status installed libmpc3:amd64 1.1.0-1
2020-11-18 08:27:42 configure libatomic1:amd64 8.3.0-6 <none>
2020-11-18 08:27:42 status unpacked libatomic1:amd64 8.3.0-6
2020-11-18 08:27:42 status half-configured libatomic1:amd64 8.3.0-6
2020-11-18 08:27:42 status installed libatomic1:amd64 8.3.0-6
2020-11-18 08:27:42 configure patch:amd64 2.7.6-3+deb10u1 <none>
2020-11-18 08:27:42 status unpacked patch:amd64 2.7.6-3+deb10u1
2020-11-18 08:27:42 status half-configured patch:amd64 2.7.6-3+deb10u1
2020-11-18 08:27:42 status installed patch:amd64 2.7.6-3+deb10u1
2020-11-18 08:27:42 configure libpcre2-8-0:amd64 10.32-5 <none>
2020-11-18 08:27:42 status unpacked libpcre2-8-0:amd64 10.32-5
2020-11-18 08:27:42 status half-configured libpcre2-8-0:amd64 10.32-5
2020-11-18 08:27:42 status installed libpcre2-8-0:amd64 10.32-5
2020-11-18 08:27:42 configure libmpx2:amd64 8.3.0-6 <none>
2020-11-18 08:27:42 status unpacked libmpx2:amd64 8.3.0-6
2020-11-18 08:27:42 status half-configured libmpx2:amd64 8.3.0-6
2020-11-18 08:27:42 status installed libmpx2:amd64 8.3.0-6
2020-11-18 08:27:42 configure libubsan1:amd64 8.3.0-6 <none>
2020-11-18 08:27:42 status unpacked libubsan1:amd64 8.3.0-6
2020-11-18 08:27:42 status half-configured libubsan1:amd64 8.3.0-6
2020-11-18 08:27:42 status installed libubsan1:amd64 8.3.0-6
2020-11-18 08:27:42 configure libisl19:amd64 0.20-2 <none>
2020-11-18 08:27:42 status unpacked libisl19:amd64 0.20-2
2020-11-18 08:27:42 status half-configured libisl19:amd64 0.20-2
2020-11-18 08:27:42 status installed libisl19:amd64 0.20-2
2020-11-18 08:27:42 configure libbinutils:amd64 2.31.1-16 <none>
2020-11-18 08:27:42 status unpacked libbinutils:amd64 2.31.1-16
2020-11-18 08:27:42 status half-configured libbinutils:amd64 2.31.1-16
2020-11-18 08:27:42 status installed libbinutils:amd64 2.31.1-16
2020-11-18 08:27:42 configure cpp-8:amd64 8.3.0-6 <none>
2020-11-18 08:27:42 status unpacked cpp-8:amd64 8.3.0-6
2020-11-18 08:27:42 status half-configured cpp-8:amd64 8.3.0-6
2020-11-18 08:27:42 status installed cpp-8:amd64 8.3.0-6
2020-11-18 08:27:42 configure libc-dev-bin:amd64 2.28-10 <none>
2020-11-18 08:27:42 status unpacked libc-dev-bin:amd64 2.28-10
2020-11-18 08:27:42 status half-configured libc-dev-bin:amd64 2.28-10
2020-11-18 08:27:42 status installed libc-dev-bin:amd64 2.28-10
2020-11-18 08:27:42 configure openssl:amd64 1.1.1d-0+deb10u3 <none>
2020-11-18 08:27:42 status unpacked openssl:amd64 1.1.1d-0+deb10u3
2020-11-18 08:27:42 status half-configured openssl:amd64 1.1.1d-0+deb10u3
2020-11-18 08:27:42 status installed openssl:amd64 1.1.1d-0+deb10u3
2020-11-18 08:27:42 configure libcc1-0:amd64 8.3.0-6 <none>
2020-11-18 08:27:42 status unpacked libcc1-0:amd64 8.3.0-6
2020-11-18 08:27:42 status half-configured libcc1-0:amd64 8.3.0-6
2020-11-18 08:27:42 status installed libcc1-0:amd64 8.3.0-6
2020-11-18 08:27:42 configure liblsan0:amd64 8.3.0-6 <none>
2020-11-18 08:27:42 status unpacked liblsan0:amd64 8.3.0-6
2020-11-18 08:27:42 status half-configured liblsan0:amd64 8.3.0-6
2020-11-18 08:27:42 status installed liblsan0:amd64 8.3.0-6
2020-11-18 08:27:42 configure libitm1:amd64 8.3.0-6 <none>
2020-11-18 08:27:42 status unpacked libitm1:amd64 8.3.0-6
2020-11-18 08:27:42 status half-configured libitm1:amd64 8.3.0-6
2020-11-18 08:27:42 status installed libitm1:amd64 8.3.0-6
2020-11-18 08:27:42 configure libgdbm6:amd64 1.18.1-4 <none>
2020-11-18 08:27:42 status unpacked libgdbm6:amd64 1.18.1-4
2020-11-18 08:27:42 status half-configured libgdbm6:amd64 1.18.1-4
2020-11-18 08:27:42 status installed libgdbm6:amd64 1.18.1-4
2020-11-18 08:27:42 configure binutils-x86-64-linux-gnu:amd64 2.31.1-16 <none>
2020-11-18 08:27:42 status unpacked binutils-x86-64-linux-gnu:amd64 2.31.1-16
2020-11-18 08:27:42 status half-configured binutils-x86-64-linux-gnu:amd64 2.31.1-16
2020-11-18 08:27:42 status installed binutils-x86-64-linux-gnu:amd64 2.31.1-16
2020-11-18 08:27:42 configure libtsan0:amd64 8.3.0-6 <none>
2020-11-18 08:27:42 status unpacked libtsan0:amd64 8.3.0-6
2020-11-18 08:27:42 status half-configured libtsan0:amd64 8.3.0-6
2020-11-18 08:27:42 status installed libtsan0:amd64 8.3.0-6
2020-11-18 08:27:42 configure wget:amd64 1.20.1-1.1 <none>
2020-11-18 08:27:42 status unpacked wget:amd64 1.20.1-1.1
2020-11-18 08:27:42 status half-configured wget:amd64 1.20.1-1.1
2020-11-18 08:27:42 status installed wget:amd64 1.20.1-1.1
2020-11-18 08:27:42 configure binutils:amd64 2.31.1-16 <none>
2020-11-18 08:27:42 status unpacked binutils:amd64 2.31.1-16
2020-11-18 08:27:42 status half-configured binutils:amd64 2.31.1-16
2020-11-18 08:27:42 status installed binutils:amd64 2.31.1-16
2020-11-18 08:27:42 configure ca-certificates:all 20200601~deb10u1 <none>
2020-11-18 08:27:42 status unpacked ca-certificates:all 20200601~deb10u1
2020-11-18 08:27:42 status half-configured ca-certificates:all 20200601~deb10u1
2020-11-18 08:27:43 status installed ca-certificates:all 20200601~deb10u1
2020-11-18 08:27:43 status triggers-pending ca-certificates:all 20200601~deb10u1
2020-11-18 08:27:43 configure libgdbm-compat4:amd64 1.18.1-4 <none>
2020-11-18 08:27:43 status unpacked libgdbm-compat4:amd64 1.18.1-4
2020-11-18 08:27:43 status half-configured libgdbm-compat4:amd64 1.18.1-4
2020-11-18 08:27:43 status installed libgdbm-compat4:amd64 1.18.1-4
2020-11-18 08:27:43 configure libgcc-8-dev:amd64 8.3.0-6 <none>
2020-11-18 08:27:43 status unpacked libgcc-8-dev:amd64 8.3.0-6
2020-11-18 08:27:43 status half-configured libgcc-8-dev:amd64 8.3.0-6
2020-11-18 08:27:43 status installed libgcc-8-dev:amd64 8.3.0-6
2020-11-18 08:27:43 configure libperl5.28:amd64 5.28.1-6+deb10u1 <none>
2020-11-18 08:27:43 status unpacked libperl5.28:amd64 5.28.1-6+deb10u1
2020-11-18 08:27:43 status half-configured libperl5.28:amd64 5.28.1-6+deb10u1
2020-11-18 08:27:43 status installed libperl5.28:amd64 5.28.1-6+deb10u1
2020-11-18 08:27:43 configure cpp:amd64 4:8.3.0-1 <none>
2020-11-18 08:27:43 status unpacked cpp:amd64 4:8.3.0-1
2020-11-18 08:27:43 status half-configured cpp:amd64 4:8.3.0-1
2020-11-18 08:27:43 status installed cpp:amd64 4:8.3.0-1
2020-11-18 08:27:43 configure libc6-dev:amd64 2.28-10 <none>
2020-11-18 08:27:43 status unpacked libc6-dev:amd64 2.28-10
2020-11-18 08:27:43 status half-configured libc6-dev:amd64 2.28-10
2020-11-18 08:27:43 status installed libc6-dev:amd64 2.28-10
2020-11-18 08:27:43 configure gcc-8:amd64 8.3.0-6 <none>
2020-11-18 08:27:43 status unpacked gcc-8:amd64 8.3.0-6
2020-11-18 08:27:43 status half-configured gcc-8:amd64 8.3.0-6
2020-11-18 08:27:43 status installed gcc-8:amd64 8.3.0-6
2020-11-18 08:27:43 configure gcc:amd64 4:8.3.0-1 <none>
2020-11-18 08:27:43 status unpacked gcc:amd64 4:8.3.0-1
2020-11-18 08:27:43 status half-configured gcc:amd64 4:8.3.0-1
2020-11-18 08:27:43 status installed gcc:amd64 4:8.3.0-1
2020-11-18 08:27:43 configure perl:amd64 5.28.1-6+deb10u1 <none>
2020-11-18 08:27:43 status unpacked perl:amd64 5.28.1-6+deb10u1
2020-11-18 08:27:43 status half-configured perl:amd64 5.28.1-6+deb10u1
2020-11-18 08:27:43 status installed perl:amd64 5.28.1-6+deb10u1
2020-11-18 08:27:43 configure libdpkg-perl:all 1.19.7 <none>
2020-11-18 08:27:43 status unpacked libdpkg-perl:all 1.19.7
2020-11-18 08:27:43 status half-configured libdpkg-perl:all 1.19.7
2020-11-18 08:27:43 status installed libdpkg-perl:all 1.19.7
2020-11-18 08:27:43 configure dpkg-dev:all 1.19.7 <none>
2020-11-18 08:27:43 status unpacked dpkg-dev:all 1.19.7
2020-11-18 08:27:43 status half-configured dpkg-dev:all 1.19.7
2020-11-18 08:27:43 status installed dpkg-dev:all 1.19.7
2020-11-18 08:27:43 trigproc libc-bin:amd64 2.28-10 <none>
2020-11-18 08:27:43 status half-configured libc-bin:amd64 2.28-10
2020-11-18 08:27:43 status installed libc-bin:amd64 2.28-10
2020-11-18 08:27:43 trigproc ca-certificates:all 20200601~deb10u1 <none>
2020-11-18 08:27:43 status half-configured ca-certificates:all 20200601~deb10u1
2020-11-18 08:27:44 status installed ca-certificates:all 20200601~deb10u1
2020-11-18 08:28:37 startup packages remove
2020-11-18 08:28:37 status installed gcc:amd64 4:8.3.0-1
2020-11-18 08:28:37 remove gcc:amd64 4:8.3.0-1 <none>
2020-11-18 08:28:37 status half-configured gcc:amd64 4:8.3.0-1
2020-11-18 08:28:37 status half-installed gcc:amd64 4:8.3.0-1
2020-11-18 08:28:37 status config-files gcc:amd64 4:8.3.0-1
2020-11-18 08:28:37 status not-installed gcc:amd64 <none>
2020-11-18 08:28:37 status installed gcc-8:amd64 8.3.0-6
2020-11-18 08:28:37 remove gcc-8:amd64 8.3.0-6 <none>
2020-11-18 08:28:37 status half-configured gcc-8:amd64 8.3.0-6
2020-11-18 08:28:37 status half-installed gcc-8:amd64 8.3.0-6
2020-11-18 08:28:37 status config-files gcc-8:amd64 8.3.0-6
2020-11-18 08:28:37 status not-installed gcc-8:amd64 <none>
2020-11-18 08:28:37 status installed dpkg-dev:all 1.19.7
2020-11-18 08:28:37 remove dpkg-dev:all 1.19.7 <none>
2020-11-18 08:28:37 status half-configured dpkg-dev:all 1.19.7
2020-11-18 08:28:37 status half-installed dpkg-dev:all 1.19.7
2020-11-18 08:28:37 status config-files dpkg-dev:all 1.19.7
2020-11-18 08:28:37 status installed binutils:amd64 2.31.1-16
2020-11-18 08:28:37 remove binutils:amd64 2.31.1-16 <none>
2020-11-18 08:28:37 status half-configured binutils:amd64 2.31.1-16
2020-11-18 08:28:37 status half-installed binutils:amd64 2.31.1-16
2020-11-18 08:28:37 status config-files binutils:amd64 2.31.1-16
2020-11-18 08:28:37 status not-installed binutils:amd64 <none>
2020-11-18 08:28:37 status installed binutils-x86-64-linux-gnu:amd64 2.31.1-16
2020-11-18 08:28:37 remove binutils-x86-64-linux-gnu:amd64 2.31.1-16 <none>
2020-11-18 08:28:37 status half-configured binutils-x86-64-linux-gnu:amd64 2.31.1-16
2020-11-18 08:28:37 status half-installed binutils-x86-64-linux-gnu:amd64 2.31.1-16
2020-11-18 08:28:37 status config-files binutils-x86-64-linux-gnu:amd64 2.31.1-16
2020-11-18 08:28:37 status not-installed binutils-x86-64-linux-gnu:amd64 <none>
2020-11-18 08:28:37 status installed libbinutils:amd64 2.31.1-16
2020-11-18 08:28:37 remove libbinutils:amd64 2.31.1-16 <none>
2020-11-18 08:28:37 status triggers-pending libc-bin:amd64 2.28-10
2020-11-18 08:28:37 status half-configured libbinutils:amd64 2.31.1-16
2020-11-18 08:28:37 status half-installed libbinutils:amd64 2.31.1-16
2020-11-18 08:28:37 status config-files libbinutils:amd64 2.31.1-16
2020-11-18 08:28:37 status not-installed libbinutils:amd64 <none>
2020-11-18 08:28:37 status installed binutils-common:amd64 2.31.1-16
2020-11-18 08:28:37 remove binutils-common:amd64 2.31.1-16 <none>
2020-11-18 08:28:37 status half-configured binutils-common:amd64 2.31.1-16
2020-11-18 08:28:37 status half-installed binutils-common:amd64 2.31.1-16
2020-11-18 08:28:37 status config-files binutils-common:amd64 2.31.1-16
2020-11-18 08:28:37 status not-installed binutils-common:amd64 <none>
2020-11-18 08:28:37 status installed bzip2:amd64 1.0.6-9.2~deb10u1
2020-11-18 08:28:37 remove bzip2:amd64 1.0.6-9.2~deb10u1 <none>
2020-11-18 08:28:37 status half-configured bzip2:amd64 1.0.6-9.2~deb10u1
2020-11-18 08:28:37 status half-installed bzip2:amd64 1.0.6-9.2~deb10u1
2020-11-18 08:28:37 status config-files bzip2:amd64 1.0.6-9.2~deb10u1
2020-11-18 08:28:37 status not-installed bzip2:amd64 <none>
2020-11-18 08:28:37 status installed ca-certificates:all 20200601~deb10u1
2020-11-18 08:28:37 remove ca-certificates:all 20200601~deb10u1 <none>
2020-11-18 08:28:37 status half-configured ca-certificates:all 20200601~deb10u1
2020-11-18 08:28:37 status half-installed ca-certificates:all 20200601~deb10u1
2020-11-18 08:28:37 status config-files ca-certificates:all 20200601~deb10u1
2020-11-18 08:28:37 status installed cpp:amd64 4:8.3.0-1
2020-11-18 08:28:37 remove cpp:amd64 4:8.3.0-1 <none>
2020-11-18 08:28:37 status half-configured cpp:amd64 4:8.3.0-1
2020-11-18 08:28:37 status half-installed cpp:amd64 4:8.3.0-1
2020-11-18 08:28:37 status config-files cpp:amd64 4:8.3.0-1
2020-11-18 08:28:37 status not-installed cpp:amd64 <none>
2020-11-18 08:28:37 status installed cpp-8:amd64 8.3.0-6
2020-11-18 08:28:37 remove cpp-8:amd64 8.3.0-6 <none>
2020-11-18 08:28:37 status half-configured cpp-8:amd64 8.3.0-6
2020-11-18 08:28:37 status half-installed cpp-8:amd64 8.3.0-6
2020-11-18 08:28:37 status config-files cpp-8:amd64 8.3.0-6
2020-11-18 08:28:37 status not-installed cpp-8:amd64 <none>
2020-11-18 08:28:37 status installed libgcc-8-dev:amd64 8.3.0-6
2020-11-18 08:28:37 remove libgcc-8-dev:amd64 8.3.0-6 <none>
2020-11-18 08:28:37 status half-configured libgcc-8-dev:amd64 8.3.0-6
2020-11-18 08:28:37 status half-installed libgcc-8-dev:amd64 8.3.0-6
2020-11-18 08:28:37 status config-files libgcc-8-dev:amd64 8.3.0-6
2020-11-18 08:28:37 status not-installed libgcc-8-dev:amd64 <none>
2020-11-18 08:28:37 status installed libasan5:amd64 8.3.0-6
2020-11-18 08:28:37 remove libasan5:amd64 8.3.0-6 <none>
2020-11-18 08:28:37 status half-configured libasan5:amd64 8.3.0-6
2020-11-18 08:28:37 status half-installed libasan5:amd64 8.3.0-6
2020-11-18 08:28:37 status config-files libasan5:amd64 8.3.0-6
2020-11-18 08:28:37 status not-installed libasan5:amd64 <none>
2020-11-18 08:28:37 status installed libatomic1:amd64 8.3.0-6
2020-11-18 08:28:37 remove libatomic1:amd64 8.3.0-6 <none>
2020-11-18 08:28:37 status half-configured libatomic1:amd64 8.3.0-6
2020-11-18 08:28:37 status half-installed libatomic1:amd64 8.3.0-6
2020-11-18 08:28:37 status config-files libatomic1:amd64 8.3.0-6
2020-11-18 08:28:37 status not-installed libatomic1:amd64 <none>
2020-11-18 08:28:37 status installed libc6-dev:amd64 2.28-10
2020-11-18 08:28:37 remove libc6-dev:amd64 2.28-10 <none>
2020-11-18 08:28:37 status half-configured libc6-dev:amd64 2.28-10
2020-11-18 08:28:37 status half-installed libc6-dev:amd64 2.28-10
2020-11-18 08:28:37 status config-files libc6-dev:amd64 2.28-10
2020-11-18 08:28:37 status not-installed libc6-dev:amd64 <none>
2020-11-18 08:28:37 status installed libc-dev-bin:amd64 2.28-10
2020-11-18 08:28:37 remove libc-dev-bin:amd64 2.28-10 <none>
2020-11-18 08:28:37 status half-configured libc-dev-bin:amd64 2.28-10
2020-11-18 08:28:37 status half-installed libc-dev-bin:amd64 2.28-10
2020-11-18 08:28:37 status config-files libc-dev-bin:amd64 2.28-10
2020-11-18 08:28:37 status not-installed libc-dev-bin:amd64 <none>
2020-11-18 08:28:37 status installed libcc1-0:amd64 8.3.0-6
2020-11-18 08:28:38 remove libcc1-0:amd64 8.3.0-6 <none>
2020-11-18 08:28:38 status half-configured libcc1-0:amd64 8.3.0-6
2020-11-18 08:28:38 status half-installed libcc1-0:amd64 8.3.0-6
2020-11-18 08:28:38 status config-files libcc1-0:amd64 8.3.0-6
2020-11-18 08:28:38 status not-installed libcc1-0:amd64 <none>
2020-11-18 08:28:38 status installed libdpkg-perl:all 1.19.7
2020-11-18 08:28:38 remove libdpkg-perl:all 1.19.7 <none>
2020-11-18 08:28:38 status half-configured libdpkg-perl:all 1.19.7
2020-11-18 08:28:38 status half-installed libdpkg-perl:all 1.19.7
2020-11-18 08:28:38 status config-files libdpkg-perl:all 1.19.7
2020-11-18 08:28:38 status not-installed libdpkg-perl:all <none>
2020-11-18 08:28:38 status installed perl:amd64 5.28.1-6+deb10u1
2020-11-18 08:28:38 remove perl:amd64 5.28.1-6+deb10u1 <none>
2020-11-18 08:28:38 status half-configured perl:amd64 5.28.1-6+deb10u1
2020-11-18 08:28:38 status half-installed perl:amd64 5.28.1-6+deb10u1
2020-11-18 08:28:38 status config-files perl:amd64 5.28.1-6+deb10u1
2020-11-18 08:28:38 status installed libperl5.28:amd64 5.28.1-6+deb10u1
2020-11-18 08:28:38 remove libperl5.28:amd64 5.28.1-6+deb10u1 <none>
2020-11-18 08:28:38 status half-configured libperl5.28:amd64 5.28.1-6+deb10u1
2020-11-18 08:28:38 status half-installed libperl5.28:amd64 5.28.1-6+deb10u1
2020-11-18 08:28:38 status config-files libperl5.28:amd64 5.28.1-6+deb10u1
2020-11-18 08:28:38 status not-installed libperl5.28:amd64 <none>
2020-11-18 08:28:38 status installed libgdbm-compat4:amd64 1.18.1-4
2020-11-18 08:28:38 remove libgdbm-compat4:amd64 1.18.1-4 <none>
2020-11-18 08:28:38 status half-configured libgdbm-compat4:amd64 1.18.1-4
2020-11-18 08:28:38 status half-installed libgdbm-compat4:amd64 1.18.1-4
2020-11-18 08:28:38 status config-files libgdbm-compat4:amd64 1.18.1-4
2020-11-18 08:28:38 status not-installed libgdbm-compat4:amd64 <none>
2020-11-18 08:28:38 status installed libgdbm6:amd64 1.18.1-4
2020-11-18 08:28:38 remove libgdbm6:amd64 1.18.1-4 <none>
2020-11-18 08:28:38 status half-configured libgdbm6:amd64 1.18.1-4
2020-11-18 08:28:38 status half-installed libgdbm6:amd64 1.18.1-4
2020-11-18 08:28:38 status config-files libgdbm6:amd64 1.18.1-4
2020-11-18 08:28:38 status not-installed libgdbm6:amd64 <none>
2020-11-18 08:28:38 status installed libgomp1:amd64 8.3.0-6
2020-11-18 08:28:38 remove libgomp1:amd64 8.3.0-6 <none>
2020-11-18 08:28:38 status half-configured libgomp1:amd64 8.3.0-6
2020-11-18 08:28:38 status half-installed libgomp1:amd64 8.3.0-6
2020-11-18 08:28:38 status config-files libgomp1:amd64 8.3.0-6
2020-11-18 08:28:38 status not-installed libgomp1:amd64 <none>
2020-11-18 08:28:38 status installed libisl19:amd64 0.20-2
2020-11-18 08:28:38 remove libisl19:amd64 0.20-2 <none>
2020-11-18 08:28:38 status half-configured libisl19:amd64 0.20-2
2020-11-18 08:28:38 status half-installed libisl19:amd64 0.20-2
2020-11-18 08:28:38 status config-files libisl19:amd64 0.20-2
2020-11-18 08:28:38 status not-installed libisl19:amd64 <none>
2020-11-18 08:28:38 status installed libitm1:amd64 8.3.0-6
2020-11-18 08:28:38 remove libitm1:amd64 8.3.0-6 <none>
2020-11-18 08:28:38 status half-configured libitm1:amd64 8.3.0-6
2020-11-18 08:28:38 status half-installed libitm1:amd64 8.3.0-6
2020-11-18 08:28:38 status config-files libitm1:amd64 8.3.0-6
2020-11-18 08:28:38 status not-installed libitm1:amd64 <none>
2020-11-18 08:28:38 status installed liblsan0:amd64 8.3.0-6
2020-11-18 08:28:38 remove liblsan0:amd64 8.3.0-6 <none>
2020-11-18 08:28:38 status half-configured liblsan0:amd64 8.3.0-6
2020-11-18 08:28:38 status half-installed liblsan0:amd64 8.3.0-6
2020-11-18 08:28:38 status config-files liblsan0:amd64 8.3.0-6
2020-11-18 08:28:38 status not-installed liblsan0:amd64 <none>
2020-11-18 08:28:38 status installed libmpc3:amd64 1.1.0-1
2020-11-18 08:28:38 remove libmpc3:amd64 1.1.0-1 <none>
2020-11-18 08:28:38 status half-configured libmpc3:amd64 1.1.0-1
2020-11-18 08:28:38 status half-installed libmpc3:amd64 1.1.0-1
2020-11-18 08:28:38 status config-files libmpc3:amd64 1.1.0-1
2020-11-18 08:28:38 status not-installed libmpc3:amd64 <none>
2020-11-18 08:28:38 status installed libmpfr6:amd64 4.0.2-1
2020-11-18 08:28:38 remove libmpfr6:amd64 4.0.2-1 <none>
2020-11-18 08:28:38 status half-configured libmpfr6:amd64 4.0.2-1
2020-11-18 08:28:38 status half-installed libmpfr6:amd64 4.0.2-1
2020-11-18 08:28:38 status config-files libmpfr6:amd64 4.0.2-1
2020-11-18 08:28:38 status not-installed libmpfr6:amd64 <none>
2020-11-18 08:28:38 status installed libmpx2:amd64 8.3.0-6
2020-11-18 08:28:38 remove libmpx2:amd64 8.3.0-6 <none>
2020-11-18 08:28:38 status half-configured libmpx2:amd64 8.3.0-6
2020-11-18 08:28:38 status half-installed libmpx2:amd64 8.3.0-6
2020-11-18 08:28:38 status config-files libmpx2:amd64 8.3.0-6
2020-11-18 08:28:38 status not-installed libmpx2:amd64 <none>
2020-11-18 08:28:38 status installed wget:amd64 1.20.1-1.1
2020-11-18 08:28:38 remove wget:amd64 1.20.1-1.1 <none>
2020-11-18 08:28:38 status half-configured wget:amd64 1.20.1-1.1
2020-11-18 08:28:38 status half-installed wget:amd64 1.20.1-1.1
2020-11-18 08:28:38 status config-files wget:amd64 1.20.1-1.1
2020-11-18 08:28:38 status installed libpcre2-8-0:amd64 10.32-5
2020-11-18 08:28:38 remove libpcre2-8-0:amd64 10.32-5 <none>
2020-11-18 08:28:38 status half-configured libpcre2-8-0:amd64 10.32-5
2020-11-18 08:28:38 status half-installed libpcre2-8-0:amd64 10.32-5
2020-11-18 08:28:38 status config-files libpcre2-8-0:amd64 10.32-5
2020-11-18 08:28:38 status not-installed libpcre2-8-0:amd64 <none>
2020-11-18 08:28:38 status installed libpsl5:amd64 0.20.2-2
2020-11-18 08:28:38 remove libpsl5:amd64 0.20.2-2 <none>
2020-11-18 08:28:38 status half-configured libpsl5:amd64 0.20.2-2
2020-11-18 08:28:38 status half-installed libpsl5:amd64 0.20.2-2
2020-11-18 08:28:38 status config-files libpsl5:amd64 0.20.2-2
2020-11-18 08:28:38 status not-installed libpsl5:amd64 <none>
2020-11-18 08:28:38 status installed libquadmath0:amd64 8.3.0-6
2020-11-18 08:28:38 remove libquadmath0:amd64 8.3.0-6 <none>
2020-11-18 08:28:38 status half-configured libquadmath0:amd64 8.3.0-6
2020-11-18 08:28:38 status half-installed libquadmath0:amd64 8.3.0-6
2020-11-18 08:28:38 status config-files libquadmath0:amd64 8.3.0-6
2020-11-18 08:28:38 status not-installed libquadmath0:amd64 <none>
2020-11-18 08:28:38 status installed libssl-dev:amd64 1.1.1d-0+deb10u3
2020-11-18 08:28:38 remove libssl-dev:amd64 1.1.1d-0+deb10u3 <none>
2020-11-18 08:28:38 status half-configured libssl-dev:amd64 1.1.1d-0+deb10u3
2020-11-18 08:28:38 status half-installed libssl-dev:amd64 1.1.1d-0+deb10u3
2020-11-18 08:28:38 status config-files libssl-dev:amd64 1.1.1d-0+deb10u3
2020-11-18 08:28:38 status not-installed libssl-dev:amd64 <none>
2020-11-18 08:28:38 status installed libtsan0:amd64 8.3.0-6
2020-11-18 08:28:38 remove libtsan0:amd64 8.3.0-6 <none>
2020-11-18 08:28:38 status half-configured libtsan0:amd64 8.3.0-6
2020-11-18 08:28:38 status half-installed libtsan0:amd64 8.3.0-6
2020-11-18 08:28:38 status config-files libtsan0:amd64 8.3.0-6
2020-11-18 08:28:38 status not-installed libtsan0:amd64 <none>
2020-11-18 08:28:38 status installed libubsan1:amd64 8.3.0-6
2020-11-18 08:28:38 remove libubsan1:amd64 8.3.0-6 <none>
2020-11-18 08:28:38 status half-configured libubsan1:amd64 8.3.0-6
2020-11-18 08:28:38 status half-installed libubsan1:amd64 8.3.0-6
2020-11-18 08:28:38 status config-files libubsan1:amd64 8.3.0-6
2020-11-18 08:28:38 status not-installed libubsan1:amd64 <none>
2020-11-18 08:28:38 status installed linux-libc-dev:amd64 4.19.152-1
2020-11-18 08:28:38 remove linux-libc-dev:amd64 4.19.152-1 <none>
2020-11-18 08:28:38 status half-configured linux-libc-dev:amd64 4.19.152-1
2020-11-18 08:28:38 status half-installed linux-libc-dev:amd64 4.19.152-1
2020-11-18 08:28:38 status config-files linux-libc-dev:amd64 4.19.152-1
2020-11-18 08:28:38 status not-installed linux-libc-dev:amd64 <none>
2020-11-18 08:28:38 status installed make:amd64 4.2.1-1.2
2020-11-18 08:28:38 remove make:amd64 4.2.1-1.2 <none>
2020-11-18 08:28:38 status half-configured make:amd64 4.2.1-1.2
2020-11-18 08:28:38 status half-installed make:amd64 4.2.1-1.2
2020-11-18 08:28:38 status config-files make:amd64 4.2.1-1.2
2020-11-18 08:28:38 status not-installed make:amd64 <none>
2020-11-18 08:28:38 status installed openssl:amd64 1.1.1d-0+deb10u3
2020-11-18 08:28:38 remove openssl:amd64 1.1.1d-0+deb10u3 <none>
2020-11-18 08:28:38 status half-configured openssl:amd64 1.1.1d-0+deb10u3
2020-11-18 08:28:38 status half-installed openssl:amd64 1.1.1d-0+deb10u3
2020-11-18 08:28:38 status config-files openssl:amd64 1.1.1d-0+deb10u3
2020-11-18 08:28:38 status installed patch:amd64 2.7.6-3+deb10u1
2020-11-18 08:28:38 remove patch:amd64 2.7.6-3+deb10u1 <none>
2020-11-18 08:28:38 status half-configured patch:amd64 2.7.6-3+deb10u1
2020-11-18 08:28:38 status half-installed patch:amd64 2.7.6-3+deb10u1
2020-11-18 08:28:38 status config-files patch:amd64 2.7.6-3+deb10u1
2020-11-18 08:28:38 status not-installed patch:amd64 <none>
2020-11-18 08:28:38 status installed perl-modules-5.28:all 5.28.1-6+deb10u1
2020-11-18 08:28:38 remove perl-modules-5.28:all 5.28.1-6+deb10u1 <none>
2020-11-18 08:28:38 status half-configured perl-modules-5.28:all 5.28.1-6+deb10u1
2020-11-18 08:28:38 status half-installed perl-modules-5.28:all 5.28.1-6+deb10u1
2020-11-18 08:28:38 status config-files perl-modules-5.28:all 5.28.1-6+deb10u1
2020-11-18 08:28:38 status not-installed perl-modules-5.28:all <none>
2020-11-18 08:28:38 status installed xz-utils:amd64 5.2.4-1
2020-11-18 08:28:38 remove xz-utils:amd64 5.2.4-1 <none>
2020-11-18 08:28:38 status half-configured xz-utils:amd64 5.2.4-1
2020-11-18 08:28:38 status half-installed xz-utils:amd64 5.2.4-1
2020-11-18 08:28:38 status config-files xz-utils:amd64 5.2.4-1
2020-11-18 08:28:39 status not-installed xz-utils:amd64 <none>
2020-11-18 08:28:39 startup packages configure
2020-11-18 08:28:39 trigproc libc-bin:amd64 2.28-10 <none>
2020-11-18 08:28:39 status half-configured libc-bin:amd64 2.28-10
2020-11-18 08:28:39 status installed libc-bin:amd64 2.28-10
2020-11-18 08:28:39 startup packages purge
2020-11-18 08:28:39 purge wget:amd64 1.20.1-1.1 <none>
2020-11-18 08:28:39 status config-files wget:amd64 1.20.1-1.1
2020-11-18 08:28:39 status not-installed wget:amd64 <none>
2020-11-18 08:28:39 purge dpkg-dev:all 1.19.7 <none>
2020-11-18 08:28:39 status config-files dpkg-dev:all 1.19.7
2020-11-18 08:28:39 status not-installed dpkg-dev:all <none>
2020-11-18 08:28:39 purge ca-certificates:all 20200601~deb10u1 <none>
2020-11-18 08:28:39 status config-files ca-certificates:all 20200601~deb10u1
2020-11-18 08:28:39 status not-installed ca-certificates:all <none>
2020-11-18 08:28:39 purge perl:amd64 5.28.1-6+deb10u1 <none>
2020-11-18 08:28:39 status config-files perl:amd64 5.28.1-6+deb10u1
2020-11-18 08:28:39 status not-installed perl:amd64 <none>
2020-11-18 08:28:39 purge openssl:amd64 1.1.1d-0+deb10u3 <none>
2020-11-18 08:28:39 status config-files openssl:amd64 1.1.1d-0+deb10u3
2020-11-18 08:28:39 status not-installed openssl:amd64 <none>
2020-11-18 08:28:39 startup packages configure
