{"log":"\n","stream":"stdout","time":"2021-01-10T04:53:25.856367027Z"}
{"log":"Hello from Docker!\n","stream":"stdout","time":"2021-01-10T04:53:25.856427659Z"}
{"log":"This message shows that your installation appears to be working correctly.\n","stream":"stdout","time":"2021-01-10T04:53:25.856432668Z"}
{"log":"\n","stream":"stdout","time":"2021-01-10T04:53:25.856435082Z"}
{"log":"To generate this message, Docker took the following steps:\n","stream":"stdout","time":"2021-01-10T04:53:25.856437294Z"}
{"log":" 1. The Docker client contacted the Docker daemon.\n","stream":"stdout","time":"2021-01-10T04:53:25.8564395Z"}
{"log":" 2. The Docker daemon pulled the \"hello-world\" image from the Docker Hub.\n","stream":"stdout","time":"2021-01-10T04:53:25.85644181Z"}
{"log":"    (amd64)\n","stream":"stdout","time":"2021-01-10T04:53:25.856444258Z"}
{"log":" 3. The Docker daemon created a new container from that image which runs the\n","stream":"stdout","time":"2021-01-10T04:53:25.85644639Z"}
{"log":"    executable that produces the output you are currently reading.\n","stream":"stdout","time":"2021-01-10T04:53:25.856448665Z"}
{"log":" 4. The Docker daemon streamed that output to the Docker client, which sent it\n","stream":"stdout","time":"2021-01-10T04:53:25.856450864Z"}
{"log":"    to your terminal.\n","stream":"stdout","time":"2021-01-10T04:53:25.856453066Z"}
{"log":"\n","stream":"stdout","time":"2021-01-10T04:53:25.856455233Z"}
{"log":"To try something more ambitious, you can run an Ubuntu container with:\n","stream":"stdout","time":"2021-01-10T04:53:25.856457533Z"}
{"log":" $ docker run -it ubuntu bash\n","stream":"stdout","time":"2021-01-10T04:53:25.856459789Z"}
{"log":"\n","stream":"stdout","time":"2021-01-10T04:53:25.856461954Z"}
{"log":"Share images, automate workflows, and more with a free Docker ID:\n","stream":"stdout","time":"2021-01-10T04:53:25.856464034Z"}
{"log":" https://hub.docker.com/\n","stream":"stdout","time":"2021-01-10T04:53:25.856466237Z"}
{"log":"\n","stream":"stdout","time":"2021-01-10T04:53:25.856468368Z"}
{"log":"For more examples and ideas, visit:\n","stream":"stdout","time":"2021-01-10T04:53:25.856470445Z"}
{"log":" https://docs.docker.com/get-started/\n","stream":"stdout","time":"2021-01-10T04:53:25.856796798Z"}
{"log":"\n","stream":"stdout","time":"2021-01-10T04:53:25.856813853Z"}
